<?xml version="1.0" encoding="UTF-8"?>
<!-- Generated by org.testng.reporters.JUnitReportReporter -->
<testsuite skipped="0" hostname="reddy" name="gitPractise.Demo1" tests="1" failures="0" timestamp="2021-11-11T14:36:57 IST" time="0.016" errors="0">
  <testcase name="creat_test" time="0.016" classname="gitPractise.Demo1"/>
  <system-out/>
</testsuite> <!-- gitPractise.Demo1 -->
