<?xml version="1.0" encoding="UTF-8"?>
<!-- Generated by org.testng.reporters.JUnitReportReporter -->
<testsuite hostname="DESKTOP-OBO2JJ9" failures="0" tests="1" name="gitPractise.Demo2" time="0.009" errors="0" timestamp="2021-11-12T14:54:00 IST" skipped="0">
  <testcase classname="gitPractise.Demo2" name="push" time="0.009"/>
  <system-out/>
</testsuite> <!-- gitPractise.Demo2 -->
